<?xml version="1.0" encoding="UTF-8"?>
<!-- Generated by org.testng.reporters.JUnitXMLReporter -->
<testsuite ignored="0" hostname="DESKTOP-KT1FHVQ" failures="0" tests="7" name="testng" time="5.71" errors="0" timestamp="2024-04-23T02:40:30 IST">
  <testcase classname="Big.firstTest" name="createUser" time="3.779"/>
  <testcase classname="Big.firstTest" name="updateUserCreated" time="0.974"/>
  <testcase classname="Big.firstTest" name="deleteUserCreated" time="0.386"/>
  <testcase classname="Small.secondDay" name="postRequestUsingHashMap" time="0.201"/>
  <testcase classname="Small.secondDay" name="postRequestUsingJSONORGLibrary" time="0.089"/>
  <testcase classname="Small.secondDay" name="postRequestUsingPOJO" time="0.083"/>
  <testcase classname="Small.secondDay" name="postRequestUsingExternalFile" time="0.071"/>
</testsuite> <!-- testng -->
