<?xml version="1.0" encoding="UTF-8"?>
<testng-results ignored="0" total="1" passed="1" failed="0" skipped="0">
  <reporter-output>
  </reporter-output>
  <suite started-at="2024-04-23T08:24:39 IST" name="Default suite" finished-at="2024-04-23T08:24:40 IST" duration-ms="455">
    <groups>
    </groups>
    <test started-at="2024-04-23T08:24:39 IST" name="Default test" finished-at="2024-04-23T08:24:40 IST" duration-ms="455">
      <class name="Big.SerializationDeserialization">
        <test-method signature="Serialization_Deserialization()[pri:0, instance:Big.SerializationDeserialization@4032d386]" started-at="2024-04-23T08:24:39 IST" name="Serialization_Deserialization" finished-at="2024-04-23T08:24:40 IST" duration-ms="302" status="PASS">
          <reporter-output>
          </reporter-output>
        </test-method> <!-- Serialization_Deserialization -->
      </class> <!-- Big.SerializationDeserialization -->
    </test> <!-- Default test -->
  </suite> <!-- Default suite -->
</testng-results>
